"Extracting contacts for Abarth ...<br/>"
http://suchen.mobile.de/auto/search.html?scopeId=C&isSearchRequest=true&pageNumber=1&makeModelVariant1.makeId=140
"<br/> Formating and validating 22149890"
"<br/> Numbers starting from 15 16 17 ? 0"
"<br/> Formating and validating 7476944697"
"<br/> Numbers starting from 15 16 17 ? 0"
"<br/> Formating and validating 1733632949"
"<br/> Numbers starting from 15 16 17 ? 1"
"<br/> Number is valid 1733632949"
1733632949
"<br/> Formating and validating 1726856429"
"<br/> Numbers starting from 15 16 17 ? 1"
"<br/> Number is valid 1726856429"
1726856429
"<br/> Formating and validating 89741385026"
"<br/> Numbers starting from 15 16 17 ? 0"
"<br/> Formating and validating 89741385025"
"<br/> Numbers starting from 15 16 17 ? 0"
"<br/> Formating and validating 22517847272"
"<br/> Numbers starting from 15 16 17 ? 0"
"<br/> Formating and validating 1626202022"
"<br/> Numbers starting from 15 16 17 ? 1"
"<br/> Number is valid 1626202022"
1626202022
"<br/> Formating and validating 1627779733"
"<br/> Numbers starting from 15 16 17 ? 1"
"<br/> Number is valid 1627779733"
1627779733
"<br/> Formating and validating 60219207040"
"<br/> Numbers starting from 15 16 17 ? 0"
